<?xml version="1.0" encoding="UTF-8"?>
<!-- Generated by org.testng.reporters.JUnitXMLReporter -->
<testsuite ignored="0" hostname="LAPTOP-NT62VGN0" failures="0" tests="12" name="inetBankingV2 Test Cases" time="148.906" errors="0" timestamp="2023-05-22T08:24:27 EDT">
  <testcase classname="com.guru99.qa.testcases.LoginPageTest" name="loginPageTitleTest" time="0.037"/>
  <testcase classname="com.guru99.qa.testcases.LoginPageTest" name="Guru99LogImageTest" time="0.333"/>
  <testcase classname="com.guru99.qa.testcases.LoginPageTest" name="loginTest" time="2.026"/>
  <testcase classname="com.guru99.qa.testcases.HomePageTest" name="verifyHomePageTitleTest" time="0.012"/>
  <testcase classname="com.guru99.qa.testcases.HomePageTest" name="verifyGuru99SiteLogoTest" time="0.062"/>
  <testcase classname="com.guru99.qa.testcases.HomePageTest" name="verifyTest" time="0.551"/>
  <testcase classname="com.guru99.qa.testcases.HomePageTest" name="verifyAddCustomerTest" time="0.554"/>
  <testcase classname="com.guru99.qa.testcases.AddNewCustomerTest" name="verifyaddnewcustomerlable" time="0.031"/>
  <testcase classname="com.guru99.qa.testcases.AddNewCustomerTest" name="validateAddnewCustomer" time="0.981"/>
  <testcase classname="com.guru99.qa.testcases.AddNewCustomerTest" name="validateAddnewCustomer" time="0.601"/>
  <testcase classname="com.guru99.qa.testcases.AddNewCustomerTest" name="validateAddnewCustomer" time="0.591"/>
  <testcase classname="com.guru99.qa.testcases.AddNewCustomerTest" name="validateAddnewCustomer" time="0.589"/>
</testsuite> <!-- inetBankingV2 Test Cases -->
